1>------ Build started: Project: Task3_z_27, Configuration: Debug Win32 ------
1>Build started 02.03.2014 20:54:16.
1>InitializeBuildStatus:
1>  Touching "Debug\Task3_z_27.unsuccessfulbuild".
1>ClCompile:
1>  Task3_z_27.cpp
1>e:\roman\project visual\task3_z_27\task3_z_27\task3_z_27.cpp(25): error C3861: 'removeNumbers': identifier not found
1>
1>Build FAILED.
1>
1>Time Elapsed 00:00:00.72
========== Build: 0 succeeded, 1 failed, 0 up-to-date, 0 skipped ==========
